{
  "RSpec": {
    "coverage": {
      "C:/Users/Wanti/Desktop/Ruby/Land_Survey/lib/robot.rb": [
        1,
        1,
        1
      ],
      "C:/Users/Wanti/Desktop/Ruby/Land_Survey/lib/robot/coordinate.rb": [
        1,
        null,
        1,
        null,
        1,
        4,
        4,
        4,
        4,
        null,
        null,
        1,
        4,
        null,
        null,
        null,
        null
      ],
      "C:/Users/Wanti/Desktop/Ruby/Land_Survey/lib/robot/parser.rb": [
        null,
        null,
        1,
        null,
        1,
        6,
        null,
        null,
        1,
        3,
        3,
        3,
        null,
        null,
        1,
        3,
        null,
        null,
        null,
        null,
        null,
        null,
        null,
        null
      ],
      "C:/Users/Wanti/Desktop/Ruby/Land_Survey/lib/robot/movement.rb": [
        1,
        null,
        1,
        null,
        1,
        2,
        2,
        null,
        null,
        1,
        2,
        2,
        2,
        2,
        2,
        2,
        null,
        2,
        8,
        8,
        8,
        null,
        0,
        null,
        0,
        null,
        0,
        null,
        null,
        null,
        0,
        null,
        null,
        0,
        null,
        null,
        null,
        2,
        null,
        null,
        1,
        0,
        0,
        0,
        0,
        null,
        0,
        null,
        null,
        0,
        null,
        null
      ],
      "C:/Users/Wanti/Desktop/Ruby/Land_Survey/spec/robot/movement_spec.rb": [
        1,
        null,
        1,
        null,
        2,
        2,
        null,
        null,
        null,
        null,
        null,
        1,
        1,
        null,
        null,
        1,
        1,
        null,
        null,
        null,
        null
      ],
      "C:/Users/Wanti/Desktop/Ruby/Land_Survey/spec/robot/parser_spec.rb": [
        1,
        null,
        1,
        2,
        2,
        null,
        null,
        1,
        1,
        null,
        null,
        1,
        1,
        null,
        null,
        null
      ]
    },
    "timestamp": 1423121368
  }
}
